SF:/home/grind-t/toolkit/src/array/sum.ts
FN:6,sum
FNDA:3,sum
FNF:1
FNH:1
BRF:0
BRH:0
DA:1,1
DA:6,1
DA:7,4
DA:8,4
DA:9,4
LH:5
LF:5
end_of_record
SF:/home/grind-t/toolkit/src/array/to_record.ts
FN:17,toRecord
FNDA:3,toRecord
FNF:1
FNH:1
BRDA:23,1,0,1
BRDA:23,1,1,1
BRF:2
BRH:2
DA:1,1
DA:17,1
DA:18,1
DA:19,1
DA:20,1
DA:22,4
DA:23,4
DA:26,4
DA:28,4
DA:29,12
DA:30,12
DA:31,4
DA:32,4
LH:13
LF:13
end_of_record
SF:/home/grind-t/toolkit/src/date/get_current_month_name.ts
FN:3,getCurrentMonthName
FNDA:2,getCurrentMonthName
FNF:1
FNH:1
BRF:0
BRH:0
DA:1,1
DA:3,1
DA:4,9
DA:5,3
DA:6,3
LH:5
LF:5
end_of_record
SF:/home/grind-t/toolkit/src/date/get_years_label.ts
FN:1,getYearsLabel
FNDA:7,getYearsLabel
FNF:1
FNH:1
BRDA:7,1,0,3
BRDA:18,1,1,4
BRF:2
BRH:2
DA:1,1
DA:2,1
DA:3,1
DA:5,8
DA:7,8
DA:8,11
DA:9,11
DA:10,11
DA:11,11
DA:12,11
DA:13,11
DA:14,11
DA:15,11
DA:17,11
DA:18,11
DA:20,12
DA:21,12
DA:22,12
DA:23,12
DA:24,12
DA:25,12
DA:26,12
DA:27,12
DA:29,12
DA:30,8
LH:25
LF:25
end_of_record
SF:/home/grind-t/toolkit/src/fn/selectors.ts
FN:1,firstArgument
FN:2,secondArgument
FNDA:9,firstArgument
FNDA:3,secondArgument
FNF:2
FNH:2
BRF:0
BRH:0
DA:1,2
DA:2,2
LH:2
LF:2
end_of_record
SF:/home/grind-t/toolkit/src/string/lower_first.ts
FN:1,lowerFirst
FNDA:5,lowerFirst
FNF:1
FNH:1
BRF:0
BRH:0
DA:1,2
DA:2,7
DA:3,7
LH:3
LF:3
end_of_record
SF:/home/grind-t/toolkit/src/string/upper_first.ts
FN:1,upperFirst
FNDA:3,upperFirst
FNF:1
FNH:1
BRF:0
BRH:0
DA:1,1
DA:2,4
DA:3,4
LH:3
LF:3
end_of_record
